Initialise random number generator with seed 2
Adding player Group 6 from class players.g6_player
Initializing player Group 6 took 0.001s
Adding player Group 4 from class players.g4_player
Initializing player Group 4 took 0.000s
Adding player Group 5 from class players.g5_player
Initializing player Group 5 took 0.000s
Adding player Group 1 from class players.g1_player
Initializing player Group 1 took 0.000s
Group 1 failed since provided invalid action []
Group 1 failed since provided invalid action []
Group 1 failed since provided invalid action []
Group 1 failed since provided invalid action []
Group 1 failed since provided invalid action []
Group 1 failed since provided invalid action []
Group 1 failed since provided invalid action []
Group 1 failed since provided invalid action []
Group 1 failed since provided invalid action []
Group 1 failed since provided invalid action []
Group 1 failed since provided invalid action []
Group 1 failed since provided invalid action []
Group 1 failed since provided invalid action []
Group 1 failed since provided invalid action []
Group 1 failed since provided invalid action []
Group 1 failed since provided invalid action []
Group 1 failed since provided invalid action []
Group 1 failed since provided invalid action []
Group 1 failed since provided invalid action []
Group 1 failed since provided invalid action []
Group 1 failed since provided invalid action []
Group 1 failed since provided invalid action []
Group 1 failed since provided invalid action []
Group 1 failed since provided invalid action []
Group 1 failed since provided invalid action []
Group 1 failed since provided invalid action []
Group 1 failed since provided invalid action []
Group 1 failed since provided invalid action []
Group 1 failed since provided invalid action []
Group 1 failed since provided invalid action []
Group 1 failed since provided invalid action []
Group 1 failed since provided invalid action []
Group 1 failed since provided invalid action []
Group 1 failed since provided invalid action []
Group 1 failed since provided invalid action []
Group 1 failed since provided invalid action []
Group 1 failed since provided invalid action []
Group 1 failed since provided invalid action []
Group 1 failed since provided invalid action []
Group 1 failed since provided invalid action []
Group 1 failed since provided invalid action []
Group 1 failed since provided invalid action []
Group 1 failed since provided invalid action []
Group 1 failed since provided invalid action []
Group 1 failed since provided invalid action []
Group 1 failed since provided invalid action []
Group 1 failed since provided invalid action []
Group 1 failed since provided invalid action []
Group 1 failed since provided invalid action []
Group 1 failed since provided invalid action []
Group 1 failed since provided invalid action []
Group 1 failed since provided invalid action []
Group 1 failed since provided invalid action []
Group 1 failed since provided invalid action []
Group 1 failed since provided invalid action []
Group 1 failed since provided invalid action []
Group 1 failed since provided invalid action []
Group 1 failed since provided invalid action []
Group 1 failed since provided invalid action []
Group 1 failed since provided invalid action []
Group 1 failed since provided invalid action []
Group 1 failed since provided invalid action []
Group 1 failed since provided invalid action []
Group 1 failed since provided invalid action []
Group 1 failed since provided invalid action []
Group 1 failed since provided invalid action []
Group 1 failed since provided invalid action []
Group 1 failed since provided invalid action []
Group 1 failed since provided invalid action []
Group 1 failed since provided invalid action []
Group 1 failed since provided invalid action []
Group 1 failed since provided invalid action []
Group 1 failed since provided invalid action []
Group 1 failed since provided invalid action []
Group 1 failed since provided invalid action []
Group 1 failed since provided invalid action []
Group 1 failed since provided invalid action []
Group 1 failed since provided invalid action []
Group 1 failed since provided invalid action []
Group 1 failed since provided invalid action []
Group 1 failed since provided invalid action []
Group 1 failed since provided invalid action []
Group 1 failed since provided invalid action []
Group 4 unit 1 has been cutoff from homebase
Group 1 failed since provided invalid action []
Group 1 failed since provided invalid action []
Group 1 failed since provided invalid action []
Group 1 failed since provided invalid action []
Group 1 failed since provided invalid action []
Group 1 failed since provided invalid action []
Group 1 failed since provided invalid action []
Group 1 failed since provided invalid action []
Group 1 failed since provided invalid action []
Group 1 failed since provided invalid action []
Group 1 failed since provided invalid action []
Group 1 failed since provided invalid action []
Group 1 failed since provided invalid action []
Group 1 failed since provided invalid action []
Group 1 failed since provided invalid action []
Group 1 failed since provided invalid action []
Group 1 failed since provided invalid action []
Group 1 failed since provided invalid action []
Group 1 failed since provided invalid action []
Group 1 failed since provided invalid action []
Group 1 failed since provided invalid action []
Group 1 failed since provided invalid action []
Group 1 failed since provided invalid action []
Group 1 failed since provided invalid action []
Group 1 failed since provided invalid action []
Group 1 failed since provided invalid action []
Group 1 failed since provided invalid action []
Group 1 failed since provided invalid action []
Group 6 unit 14 has been cutoff from homebase
Group 5 unit 1 has been cutoff from homebase
Group 1 failed since provided invalid action []
Group 1 failed since provided invalid action []
Group 1 failed since provided invalid action []
Group 1 failed since provided invalid action []
Group 1 failed since provided invalid action []
Group 5 unit 2 has been cutoff from homebase
Group 1 failed since provided invalid action []
Group 1 failed since provided invalid action []
Group 6 unit 15 has been cutoff from homebase
Group 4 unit 2 has been cutoff from homebase
Group 1 failed since provided invalid action []
Group 1 failed since provided invalid action []
Group 5 unit 3 has been cutoff from homebase
Group 1 failed since provided invalid action []
Group 1 failed since provided invalid action []
Group 1 failed since provided invalid action []
Group 1 failed since provided invalid action []
Group 1 failed since provided invalid action []
Group 1 failed since provided invalid action []
Group 1 failed since provided invalid action []
Group 1 failed since provided invalid action []
Group 1 failed since provided invalid action []
Group 1 failed since provided invalid action []
Group 1 failed since provided invalid action []
Group 1 failed since provided invalid action []
Group 1 failed since provided invalid action []
Group 5 unit 4 has been cutoff from homebase
Group 1 failed since provided invalid action []
Group 6 unit 8 has been cutoff from homebase
Group 5 unit 5 has been cutoff from homebase
Group 1 failed since provided invalid action [(1.0, -2.268142092073415), (0.9999999999999999, -2.691671886841315), (1.0, -2.8058665349432466), (1.0, -2.6169743377600763), (1.0, -2.9432626583761947), (1.0, -2.6628571080651624), (0.9999999999999999, -3.0386722764288185), (1.0, -2.7919413595842886), (0.9999999999999999, -3.046953941020255), (1.0, -3.131131062976797), (1.0, 3.0637781675969213), (1.0, -3.1019040179786033), (1.0, -3.10301455181651), (0.9999999999999999, -2.8624730373503113), (0.9999999999999999, -2.7941873589216453), (0.9999999999999999, -2.7062754228176042), (1.0, -2.638580046188876), (1.0, -2.0384804215161663), (1.0, -1.887409909676824), (0.9999999999999999, -1.9268510157734555), (1.0, -1.9116945571258324), (1.0, -1.9096882766148149)]
Group 1 failed since provided invalid action []
Group 5 unit 6 has been cutoff from homebase
Group 1 failed since provided invalid action []
Group 1 failed since provided invalid action []
Group 1 failed since provided invalid action []
Group 1 failed since provided invalid action []
Group 6 unit 18 has been cutoff from homebase
Group 4 unit 3 has been cutoff from homebase
Group 5 unit 7 has been cutoff from homebase
Group 1 failed since provided invalid action []
Group 1 failed since provided invalid action []
Group 1 failed since provided invalid action []
Group 1 failed since provided invalid action []
Group 6 unit 10 has been cutoff from homebase
Group 1 failed since provided invalid action [(1.0, -1.604431385104587), (1.0, -2.9094367012322855), (1.0, -2.5372585574707527), (0.9999999999999999, -2.5969964969122956), (1.0, -2.926274340034234), (1.0, -2.7026599518280245), (0.9999999999999998, -3.017184198658586), (0.9999999999999999, 3.113120552971713), (0.9999999999999999, 2.94835225205971), (1.0, 3.0656960769581314), (1.0, 2.936005072361069), (0.9999999999999999, -2.971298163530628), (1.0, -2.975621953258828), (1.0, -2.9050553283065783), (1.0, -2.911582020653453), (1.0, -2.517844722541699), (1.0, -2.2286443764064607), (1.0, -2.2465697260440796), (0.9999999999999999, -1.977290075546258), (0.9999999999999999, -1.963629483843973), (1.0, -1.9740985485868086), (1.0, -1.946623711656639)]
Group 6 unit 9 has been cutoff from homebase
Group 5 unit 8 has been cutoff from homebase
Group 1 failed since provided invalid action []
Group 6 unit 19 has been cutoff from homebase
Group 5 unit 9 has been cutoff from homebase
Group 1 failed since provided invalid action []
Group 1 failed since provided invalid action []
Group 1 failed since provided invalid action []
Group 1 failed since provided invalid action []
